<?xml version="1.0" encoding="UTF-8"?>
<testng-results ignored="0" total="2" passed="2" failed="0" skipped="0">
  <reporter-output>
  </reporter-output>
  <suite started-at="2024-06-11T18:40:57 IST" name="Default suite" finished-at="2024-06-11T18:41:55 IST" duration-ms="58337">
    <groups>
    </groups>
    <test started-at="2024-06-11T18:40:57 IST" name="Default test" finished-at="2024-06-11T18:41:55 IST" duration-ms="58337">
      <class name="com.tests.loginPageTest">
        <test-method is-config="true" signature="setup()[pri:0, instance:com.tests.loginPageTest@618b19ad]" started-at="2024-06-11T18:40:57 IST" name="setup" finished-at="2024-06-11T18:41:14 IST" duration-ms="17030" status="PASS">
          <reporter-output>
          </reporter-output>
        </test-method> <!-- setup -->
        <test-method signature="TestLogin()[pri:0, instance:com.tests.loginPageTest@618b19ad]" started-at="2024-06-11T18:41:14 IST" name="TestLogin" finished-at="2024-06-11T18:41:55 IST" duration-ms="40934" status="PASS">
          <reporter-output>
          </reporter-output>
        </test-method> <!-- TestLogin -->
        <test-method signature="pageURL()[pri:0, instance:com.tests.loginPageTest@618b19ad]" started-at="2024-06-11T18:41:55 IST" name="pageURL" finished-at="2024-06-11T18:41:55 IST" duration-ms="0" status="PASS">
          <reporter-output>
          </reporter-output>
        </test-method> <!-- pageURL -->
        <test-method is-config="true" signature="teardown()[pri:0, instance:com.tests.loginPageTest@618b19ad]" started-at="2024-06-11T18:41:55 IST" name="teardown" finished-at="2024-06-11T18:41:55 IST" duration-ms="305" status="PASS">
          <reporter-output>
          </reporter-output>
        </test-method> <!-- teardown -->
      </class> <!-- com.tests.loginPageTest -->
    </test> <!-- Default test -->
  </suite> <!-- Default suite -->
</testng-results>
